{
  "RSpec": {
    "coverage": {
      "/Users/stefanliute/Projects/10_tech_tests/bank_tech_test/spec/bank_account_spec.rb": [
        1,
        null,
        1,
        10,
        1,
        null,
        1,
        1,
        1,
        null,
        null,
        1,
        1,
        null,
        null,
        null,
        1,
        1,
        1,
        1,
        1,
        null,
        null,
        1,
        1,
        2,
        null,
        null,
        1,
        1,
        2,
        null,
        null,
        null,
        1,
        1,
        1,
        1,
        1,
        1,
        null,
        null,
        1,
        1,
        2,
        null,
        null,
        1,
        1,
        2,
        null,
        null,
        1,
        1,
        1,
        2,
        null,
        null,
        null
      ],
      "/Users/stefanliute/Projects/10_tech_tests/bank_tech_test/lib/bank_account.rb": [
        1,
        1,
        1,
        null,
        1,
        1,
        1,
        null,
        1,
        9,
        9,
        null,
        null,
        1,
        5,
        4,
        3,
        null,
        null,
        1,
        4,
        3,
        2,
        1,
        null,
        null,
        1,
        null,
        1,
        4,
        4,
        null,
        null
      ],
      "/Users/stefanliute/Projects/10_tech_tests/bank_tech_test/lib/transaction_log.rb": [
        1,
        1,
        null,
        1,
        12,
        12,
        null,
        null,
        1,
        5,
        null,
        null
      ],
      "/Users/stefanliute/Projects/10_tech_tests/bank_tech_test/lib/transaction.rb": [
        1,
        1,
        null,
        1,
        8,
        8,
        8,
        8,
        null,
        null
      ],
      "/Users/stefanliute/Projects/10_tech_tests/bank_tech_test/spec/statement_spec.rb": [
        1,
        null,
        1,
        3,
        3,
        3,
        null,
        1,
        1,
        2,
        1,
        null,
        null,
        null,
        1,
        2,
        2,
        2,
        null,
        1,
        1,
        2,
        2,
        1,
        1,
        null,
        null,
        null,
        null,
        1,
        1,
        1,
        1,
        null
      ],
      "/Users/stefanliute/Projects/10_tech_tests/bank_tech_test/lib/statement.rb": [
        1,
        1,
        null,
        1,
        2,
        null,
        null,
        1,
        1,
        1,
        3,
        2,
        null,
        1,
        null,
        null,
        1,
        null,
        null
      ],
      "/Users/stefanliute/Projects/10_tech_tests/bank_tech_test/spec/transaction_log_spec.rb": [
        1,
        null,
        1,
        4,
        2,
        4,
        null,
        1,
        1,
        1,
        null,
        null,
        1,
        1,
        null,
        null,
        null,
        1,
        1,
        1,
        1,
        null,
        null,
        null
      ],
      "/Users/stefanliute/Projects/10_tech_tests/bank_tech_test/spec/transaction_spec.rb": [
        1,
        null,
        1,
        5,
        5,
        5,
        5,
        5,
        null,
        1,
        1,
        1,
        null,
        null,
        1,
        1,
        null,
        null,
        1,
        1,
        null,
        null,
        1,
        1,
        null,
        null,
        null
      ]
    },
    "timestamp": 1488890769
  }
}
