{
  "RSpec": {
    "coverage": {
      "/Users/stefanliute/Projects/10_tech_tests/bank_tech_test/spec/bank_account_spec.rb": [
        1,
        null,
        1,
        8,
        null,
        1,
        2,
        null,
        2,
        null,
        null,
        1,
        1,
        1,
        1,
        null,
        null,
        1,
        1,
        2,
        null,
        null,
        1,
        1,
        2,
        null,
        null,
        null,
        1,
        1,
        1,
        1,
        1,
        null,
        null,
        1,
        1,
        2,
        null,
        null,
        1,
        1,
        2,
        null,
        null,
        1,
        1,
        1,
        2,
        null,
        null,
        null
      ],
      "/Users/stefanliute/Projects/10_tech_tests/bank_tech_test/lib/bank_account.rb": [
        1,
        1,
        null,
        1,
        7,
        null,
        null,
        1,
        5,
        4,
        3,
        null,
        null,
        1,
        4,
        3,
        2,
        1,
        null,
        null
      ]
    },
    "timestamp": 1488803212
  }
}
